<?xml version="1.0" encoding="UTF-8"?>
<coverage generated="1776804644246" clover="3.2.0">
  <project timestamp="1776804644246" name="All files">
    <metrics statements="219" coveredstatements="210" conditionals="110" coveredconditionals="88" methods="46" coveredmethods="45" elements="375" coveredelements="343" complexity="0" loc="219" ncloc="219" packages="4" files="5" classes="5"/>
    <package name="constants">
      <metrics statements="8" coveredstatements="8" conditionals="0" coveredconditionals="0" methods="0" coveredmethods="0"/>
      <file name="secrets-contants.ts" path="D:\Alonso\Proyectos\JS\Dolcelina\microservices\orders-microservice\src\constants\secrets-contants.ts">
        <metrics statements="8" coveredstatements="8" conditionals="0" coveredconditionals="0" methods="0" coveredmethods="0"/>
        <line num="1" count="2" type="stmt"/>
        <line num="2" count="2" type="stmt"/>
        <line num="3" count="2" type="stmt"/>
        <line num="4" count="2" type="stmt"/>
        <line num="5" count="2" type="stmt"/>
        <line num="6" count="2" type="stmt"/>
        <line num="7" count="2" type="stmt"/>
        <line num="8" count="2" type="stmt"/>
      </file>
    </package>
    <package name="controllers">
      <metrics statements="167" coveredstatements="164" conditionals="89" coveredconditionals="70" methods="37" coveredmethods="37"/>
      <file name="cart.controller.ts" path="D:\Alonso\Proyectos\JS\Dolcelina\microservices\orders-microservice\src\controllers\cart.controller.ts">
        <metrics statements="116" coveredstatements="114" conditionals="66" coveredconditionals="53" methods="28" coveredmethods="28"/>
        <line num="2" count="1" type="stmt"/>
        <line num="3" count="1" type="stmt"/>
        <line num="10" count="1" type="stmt"/>
        <line num="11" count="1" type="stmt"/>
        <line num="12" count="1" type="stmt"/>
        <line num="14" count="1" type="stmt"/>
        <line num="15" count="1" type="stmt"/>
        <line num="17" count="1" type="stmt"/>
        <line num="18" count="1" type="stmt"/>
        <line num="20" count="3" type="stmt"/>
        <line num="21" count="3" type="stmt"/>
        <line num="23" count="3" type="stmt"/>
        <line num="25" count="3" type="stmt"/>
        <line num="27" count="3" type="cond" truecount="1" falsecount="0"/>
        <line num="28" count="1" type="stmt"/>
        <line num="34" count="1" type="stmt"/>
        <line num="36" count="1" type="stmt"/>
        <line num="37" count="1" type="stmt"/>
        <line num="40" count="2" type="stmt"/>
        <line num="42" count="2" type="cond" truecount="2" falsecount="0"/>
        <line num="43" count="1" type="stmt"/>
        <line num="45" count="1" type="stmt"/>
        <line num="46" count="1" type="cond" truecount="1" falsecount="1"/>
        <line num="50" count="2" type="stmt"/>
        <line num="51" count="2" type="stmt"/>
        <line num="53" count="2" type="stmt"/>
        <line num="59" count="2" type="stmt"/>
        <line num="62" count="3" type="stmt"/>
        <line num="63" count="3" type="stmt"/>
        <line num="64" count="3" type="stmt"/>
        <line num="66" count="3" type="stmt"/>
        <line num="68" count="3" type="cond" truecount="1" falsecount="0"/>
        <line num="69" count="1" type="stmt"/>
        <line num="72" count="2" type="cond" truecount="2" falsecount="0"/>
        <line num="73" count="2" type="cond" truecount="2" falsecount="0"/>
        <line num="74" count="1" type="stmt"/>
        <line num="75" count="1" type="stmt"/>
        <line num="77" count="1" type="stmt"/>
        <line num="78" count="1" type="cond" truecount="1" falsecount="1"/>
        <line num="82" count="2" type="stmt"/>
        <line num="83" count="2" type="stmt"/>
        <line num="85" count="2" type="stmt"/>
        <line num="87" count="2" type="stmt"/>
        <line num="90" count="2" type="stmt"/>
        <line num="91" count="2" type="stmt"/>
        <line num="92" count="2" type="stmt"/>
        <line num="93" count="2" type="stmt"/>
        <line num="94" count="2" type="cond" truecount="1" falsecount="0"/>
        <line num="95" count="1" type="stmt"/>
        <line num="98" count="1" type="stmt"/>
        <line num="99" count="1" type="stmt"/>
        <line num="102" count="22" type="stmt"/>
        <line num="103" count="22" type="cond" truecount="4" falsecount="0"/>
        <line num="104" count="22" type="stmt"/>
        <line num="105" count="22" type="cond" truecount="1" falsecount="0"/>
        <line num="107" count="22" type="stmt"/>
        <line num="108" count="22" type="cond" truecount="1" falsecount="0"/>
        <line num="109" count="22" type="cond" truecount="1" falsecount="0"/>
        <line num="111" count="22" type="stmt"/>
        <line num="112" count="22" type="cond" truecount="4" falsecount="0"/>
        <line num="115" count="1" type="stmt"/>
        <line num="118" count="4" type="stmt"/>
        <line num="119" count="4" type="stmt"/>
        <line num="120" count="4" type="stmt"/>
        <line num="121" count="4" type="cond" truecount="3" falsecount="1"/>
        <line num="122" count="4" type="cond" truecount="1" falsecount="0"/>
        <line num="124" count="3" type="cond" truecount="3" falsecount="1"/>
        <line num="126" count="3" type="stmt"/>
        <line num="130" count="3" type="stmt"/>
        <line num="132" count="3" type="cond" truecount="0" falsecount="1"/>
        <line num="133" count="0" type="stmt"/>
        <line num="136" count="3" type="stmt"/>
        <line num="139" count="1" type="stmt"/>
        <line num="142" count="6" type="stmt"/>
        <line num="143" count="6" type="stmt"/>
        <line num="145" count="6" type="stmt"/>
        <line num="146" count="6" type="cond" truecount="3" falsecount="1"/>
        <line num="148" count="6" type="cond" truecount="1" falsecount="0"/>
        <line num="150" count="5" type="stmt"/>
        <line num="152" count="5" type="stmt"/>
        <line num="155" count="6" type="cond" truecount="3" falsecount="1"/>
        <line num="159" count="5" type="stmt"/>
        <line num="161" count="5" type="stmt"/>
        <line num="163" count="5" type="cond" truecount="1" falsecount="0"/>
        <line num="164" count="1" type="stmt"/>
        <line num="167" count="4" type="stmt"/>
        <line num="169" count="4" type="stmt"/>
        <line num="172" count="1" type="stmt"/>
        <line num="176" count="5" type="stmt"/>
        <line num="177" count="6" type="stmt"/>
        <line num="184" count="5" type="stmt"/>
        <line num="186" count="5" type="stmt"/>
        <line num="189" count="5" type="stmt"/>
        <line num="190" count="5" type="cond" truecount="2" falsecount="0"/>
        <line num="191" count="3" type="stmt"/>
        <line num="192" count="3" type="cond" truecount="0" falsecount="1"/>
        <line num="193" count="0" type="stmt"/>
        <line num="195" count="3" type="stmt"/>
        <line num="196" count="3" type="stmt"/>
        <line num="197" count="2" type="cond" truecount="2" falsecount="0"/>
        <line num="198" count="1" type="stmt"/>
        <line num="199" count="1" type="stmt"/>
        <line num="201" count="1" type="stmt"/>
        <line num="204" count="4" type="stmt"/>
        <line num="205" count="4" type="stmt"/>
        <line num="208" count="3" type="stmt"/>
        <line num="209" count="3" type="stmt"/>
        <line num="212" count="3" type="stmt"/>
        <line num="213" count="3" type="stmt"/>
        <line num="214" count="3" type="stmt"/>
        <line num="217" count="1" type="stmt"/>
        <line num="223" count="3" type="stmt"/>
        <line num="224" count="3" type="stmt"/>
        <line num="225" count="3" type="stmt"/>
        <line num="235" count="3" type="cond" truecount="3" falsecount="2"/>
        <line num="237" count="3" type="stmt"/>
      </file>
      <file name="orders.controller.ts" path="D:\Alonso\Proyectos\JS\Dolcelina\microservices\orders-microservice\src\controllers\orders.controller.ts">
        <metrics statements="51" coveredstatements="50" conditionals="23" coveredconditionals="17" methods="9" coveredmethods="9"/>
        <line num="2" count="1" type="stmt"/>
        <line num="3" count="1" type="stmt"/>
        <line num="10" count="1" type="stmt"/>
        <line num="12" count="1" type="stmt"/>
        <line num="13" count="1" type="stmt"/>
        <line num="16" count="1" type="stmt"/>
        <line num="19" count="3" type="stmt"/>
        <line num="20" count="3" type="stmt"/>
        <line num="21" count="3" type="stmt"/>
        <line num="23" count="3" type="stmt"/>
        <line num="25" count="3" type="stmt"/>
        <line num="33" count="3" type="cond" truecount="0" falsecount="1"/>
        <line num="35" count="3" type="stmt"/>
        <line num="38" count="2" type="stmt"/>
        <line num="39" count="2" type="stmt"/>
        <line num="40" count="2" type="stmt"/>
        <line num="42" count="2" type="stmt"/>
        <line num="49" count="2" type="cond" truecount="1" falsecount="0"/>
        <line num="51" count="1" type="stmt"/>
        <line num="54" count="1" type="stmt"/>
        <line num="57" count="3" type="stmt"/>
        <line num="58" count="3" type="stmt"/>
        <line num="59" count="3" type="stmt"/>
        <line num="61" count="3" type="stmt"/>
        <line num="63" count="3" type="stmt"/>
        <line num="64" count="3" type="cond" truecount="1" falsecount="0"/>
        <line num="66" count="2" type="stmt"/>
        <line num="70" count="2" type="cond" truecount="1" falsecount="0"/>
        <line num="71" count="2" type="cond" truecount="1" falsecount="0"/>
        <line num="72" count="2" type="cond" truecount="1" falsecount="0"/>
        <line num="73" count="2" type="cond" truecount="0" falsecount="1"/>
        <line num="74" count="2" type="cond" truecount="0" falsecount="1"/>
        <line num="76" count="2" type="stmt"/>
        <line num="78" count="2" type="stmt"/>
        <line num="81" count="2" type="stmt"/>
        <line num="82" count="2" type="stmt"/>
        <line num="84" count="2" type="stmt"/>
        <line num="86" count="2" type="stmt"/>
        <line num="87" count="2" type="cond" truecount="1" falsecount="0"/>
        <line num="89" count="1" type="stmt"/>
        <line num="90" count="1" type="stmt"/>
        <line num="92" count="1" type="stmt"/>
        <line num="95" count="1" type="stmt"/>
        <line num="96" count="3" type="stmt"/>
        <line num="97" count="3" type="stmt"/>
        <line num="99" count="3" type="cond" truecount="1" falsecount="0"/>
        <line num="100" count="3" type="cond" truecount="1" falsecount="0"/>
        <line num="101" count="3" type="cond" truecount="0" falsecount="1"/>
        <line num="102" count="3" type="cond" truecount="1" falsecount="2"/>
        <line num="103" count="0" type="stmt"/>
        <line num="105" count="3" type="stmt"/>
      </file>
    </package>
    <package name="services">
      <metrics statements="40" coveredstatements="34" conditionals="15" coveredconditionals="12" methods="8" coveredmethods="7"/>
      <file name="sequelize-service.ts" path="D:\Alonso\Proyectos\JS\Dolcelina\microservices\orders-microservice\src\services\sequelize-service.ts">
        <metrics statements="40" coveredstatements="34" conditionals="15" coveredconditionals="12" methods="8" coveredmethods="7"/>
        <line num="1" count="1" type="stmt"/>
        <line num="2" count="1" type="stmt"/>
        <line num="4" count="1" type="stmt"/>
        <line num="5" count="1" type="stmt"/>
        <line num="6" count="1" type="stmt"/>
        <line num="8" count="1" type="stmt"/>
        <line num="13" count="1" type="stmt"/>
        <line num="20" count="1" type="stmt"/>
        <line num="21" count="1" type="stmt"/>
        <line num="22" count="1" type="cond" truecount="3" falsecount="1"/>
        <line num="23" count="1" type="cond" truecount="2" falsecount="0"/>
        <line num="27" count="13" type="cond" truecount="1" falsecount="0"/>
        <line num="28" count="1" type="stmt"/>
        <line num="31" count="13" type="cond" truecount="1" falsecount="0"/>
        <line num="32" count="5" type="cond" truecount="4" falsecount="0"/>
        <line num="33" count="0" type="stmt"/>
        <line num="34" count="0" type="stmt"/>
        <line num="36" count="5" type="stmt"/>
        <line num="39" count="13" type="stmt"/>
        <line num="43" count="1" type="cond" truecount="0" falsecount="1"/>
        <line num="44" count="0" type="stmt"/>
        <line num="47" count="1" type="stmt"/>
        <line num="48" count="1" type="stmt"/>
        <line num="52" count="1" type="stmt"/>
        <line num="54" count="1" type="stmt"/>
        <line num="71" count="1" type="cond" truecount="0" falsecount="1"/>
        <line num="72" count="0" type="stmt"/>
        <line num="79" count="1" type="stmt"/>
        <line num="86" count="1" type="stmt"/>
        <line num="87" count="1" type="stmt"/>
        <line num="91" count="1" type="stmt"/>
        <line num="92" count="1" type="stmt"/>
        <line num="93" count="1" type="stmt"/>
        <line num="97" count="0" type="stmt"/>
        <line num="98" count="0" type="stmt"/>
        <line num="103" count="1" type="cond" truecount="1" falsecount="0"/>
        <line num="104" count="1" type="stmt"/>
        <line num="105" count="1" type="stmt"/>
        <line num="106" count="1" type="stmt"/>
        <line num="111" count="1" type="stmt"/>
      </file>
    </package>
    <package name="utils">
      <metrics statements="4" coveredstatements="4" conditionals="6" coveredconditionals="6" methods="1" coveredmethods="1"/>
      <file name="geo-helper.ts" path="D:\Alonso\Proyectos\JS\Dolcelina\microservices\orders-microservice\src\utils\geo-helper.ts">
        <metrics statements="4" coveredstatements="4" conditionals="6" coveredconditionals="6" methods="1" coveredmethods="1"/>
        <line num="1" count="1" type="stmt"/>
        <line num="3" count="1" type="stmt"/>
        <line num="4" count="4" type="cond" truecount="4" falsecount="0"/>
        <line num="5" count="4" type="cond" truecount="2" falsecount="0"/>
      </file>
    </package>
  </project>
</coverage>
