{"D:\\Alonso\\Proyectos\\JS\\Dolcelina\\microservices\\orders-microservice\\src\\constants\\secrets-contants.ts": {"path":"D:\\Alonso\\Proyectos\\JS\\Dolcelina\\microservices\\orders-microservice\\src\\constants\\secrets-contants.ts","statementMap":{"0":{"start":{"line":1,"column":13},"end":{"line":1,"column":31}},"1":{"start":{"line":2,"column":13},"end":{"line":2,"column":37}},"2":{"start":{"line":3,"column":13},"end":{"line":3,"column":37}},"3":{"start":{"line":4,"column":13},"end":{"line":4,"column":31}},"4":{"start":{"line":5,"column":13},"end":{"line":5,"column":46}},"5":{"start":{"line":6,"column":13},"end":{"line":6,"column":47}},"6":{"start":{"line":7,"column":13},"end":{"line":7,"column":50}},"7":{"start":{"line":8,"column":13},"end":{"line":8,"column":45}}},"fnMap":{},"branchMap":{},"s":{"0":2,"1":2,"2":2,"3":2,"4":2,"5":2,"6":2,"7":2},"f":{},"b":{}}
,"D:\\Alonso\\Proyectos\\JS\\Dolcelina\\microservices\\orders-microservice\\src\\controllers\\cart.controller.ts": {"path":"D:\\Alonso\\Proyectos\\JS\\Dolcelina\\microservices\\orders-microservice\\src\\controllers\\cart.controller.ts","statementMap":{"0":{"start":{"line":2,"column":0},"end":{"line":2,"column":58}},"1":{"start":{"line":3,"column":0},"end":{"line":3,"column":null}},"2":{"start":{"line":10,"column":0},"end":{"line":10,"column":60}},"3":{"start":{"line":11,"column":0},"end":{"line":11,"column":28}},"4":{"start":{"line":12,"column":0},"end":{"line":12,"column":57}},"5":{"start":{"line":14,"column":0},"end":{"line":14,"column":65}},"6":{"start":{"line":15,"column":0},"end":{"line":15,"column":99}},"7":{"start":{"line":17,"column":0},"end":{"line":17,"column":64}},"8":{"start":{"line":18,"column":0},"end":{"line":18,"column":28}},"9":{"start":{"line":20,"column":29},"end":{"line":60,"column":2}},"10":{"start":{"line":20,"column":67},"end":{"line":60,"column":2}},"11":{"start":{"line":21,"column":29},"end":{"line":21,"column":37}},"12":{"start":{"line":23,"column":18},"end":{"line":23,"column":43}},"13":{"start":{"line":25,"column":28},"end":{"line":25,"column":56}},"14":{"start":{"line":27,"column":4},"end":{"line":38,"column":5}},"15":{"start":{"line":28,"column":24},"end":{"line":33,"column":10}},"16":{"start":{"line":34,"column":8},"end":{"line":34,"column":29}},"17":{"start":{"line":36,"column":29},"end":{"line":36,"column":83}},"18":{"start":{"line":37,"column":8},"end":{"line":37,"column":50}},"19":{"start":{"line":40,"column":18},"end":{"line":40,"column":57}},"20":{"start":{"line":40,"column":40},"end":{"line":40,"column":56}},"21":{"start":{"line":42,"column":4},"end":{"line":48,"column":5}},"22":{"start":{"line":43,"column":8},"end":{"line":43,"column":30}},"23":{"start":{"line":45,"column":8},"end":{"line":47,"column":10}},"24":{"start":{"line":46,"column":12},"end":{"line":46,"column":69}},"25":{"start":{"line":50,"column":4},"end":{"line":50,"column":45}},"26":{"start":{"line":51,"column":4},"end":{"line":51,"column":22}},"27":{"start":{"line":53,"column":25},"end":{"line":57,"column":6}},"28":{"start":{"line":59,"column":4},"end":{"line":59,"column":45}},"29":{"start":{"line":20,"column":13},"end":{"line":20,"column":29}},"30":{"start":{"line":62,"column":32},"end":{"line":88,"column":2}},"31":{"start":{"line":62,"column":70},"end":{"line":88,"column":2}},"32":{"start":{"line":63,"column":29},"end":{"line":63,"column":37}},"33":{"start":{"line":64,"column":18},"end":{"line":64,"column":43}},"34":{"start":{"line":66,"column":21},"end":{"line":66,"column":49}},"35":{"start":{"line":68,"column":4},"end":{"line":70,"column":5}},"36":{"start":{"line":69,"column":8},"end":{"line":69,"column":78}},"37":{"start":{"line":72,"column":25},"end":{"line":72,"column":83}},"38":{"start":{"line":72,"column":46},"end":{"line":72,"column":82}},"39":{"start":{"line":73,"column":4},"end":{"line":80,"column":5}},"40":{"start":{"line":74,"column":29},"end":{"line":74,"column":69}},"41":{"start":{"line":74,"column":52},"end":{"line":74,"column":68}},"42":{"start":{"line":75,"column":8},"end":{"line":75,"column":34}},"43":{"start":{"line":77,"column":8},"end":{"line":79,"column":10}},"44":{"start":{"line":78,"column":12},"end":{"line":78,"column":69}},"45":{"start":{"line":82,"column":4},"end":{"line":82,"column":45}},"46":{"start":{"line":83,"column":4},"end":{"line":83,"column":22}},"47":{"start":{"line":85,"column":25},"end":{"line":85,"column":76}},"48":{"start":{"line":87,"column":4},"end":{"line":87,"column":45}},"49":{"start":{"line":62,"column":13},"end":{"line":62,"column":32}},"50":{"start":{"line":90,"column":29},"end":{"line":100,"column":2}},"51":{"start":{"line":90,"column":67},"end":{"line":100,"column":2}},"52":{"start":{"line":91,"column":23},"end":{"line":91,"column":32}},"53":{"start":{"line":92,"column":18},"end":{"line":92,"column":43}},"54":{"start":{"line":93,"column":21},"end":{"line":93,"column":59}},"55":{"start":{"line":94,"column":4},"end":{"line":96,"column":5}},"56":{"start":{"line":95,"column":8},"end":{"line":95,"column":78}},"57":{"start":{"line":98,"column":25},"end":{"line":98,"column":76}},"58":{"start":{"line":99,"column":4},"end":{"line":99,"column":45}},"59":{"start":{"line":90,"column":13},"end":{"line":90,"column":29}},"60":{"start":{"line":102,"column":23},"end":{"line":113,"column":2}},"61":{"start":{"line":102,"column":64},"end":{"line":113,"column":2}},"62":{"start":{"line":103,"column":20},"end":{"line":103,"column":47}},"63":{"start":{"line":104,"column":16},"end":{"line":104,"column":18}},"64":{"start":{"line":105,"column":4},"end":{"line":105,"column":41}},"65":{"start":{"line":105,"column":17},"end":{"line":105,"column":41}},"66":{"start":{"line":107,"column":15},"end":{"line":107,"column":17}},"67":{"start":{"line":108,"column":4},"end":{"line":108,"column":34}},"68":{"start":{"line":108,"column":15},"end":{"line":108,"column":34}},"69":{"start":{"line":109,"column":4},"end":{"line":109,"column":41}},"70":{"start":{"line":109,"column":16},"end":{"line":109,"column":41}},"71":{"start":{"line":111,"column":17},"end":{"line":111,"column":48}},"72":{"start":{"line":112,"column":4},"end":{"line":112,"column":53}},"73":{"start":{"line":102,"column":13},"end":{"line":102,"column":23}},"74":{"start":{"line":115,"column":41},"end":{"line":137,"column":2}},"75":{"start":{"line":118,"column":4},"end":{"line":137,"column":2}},"76":{"start":{"line":119,"column":24},"end":{"line":119,"column":32}},"77":{"start":{"line":120,"column":18},"end":{"line":120,"column":43}},"78":{"start":{"line":121,"column":36},"end":{"line":121,"column":71}},"79":{"start":{"line":122,"column":4},"end":{"line":122,"column":85}},"80":{"start":{"line":122,"column":15},"end":{"line":122,"column":85}},"81":{"start":{"line":124,"column":19},"end":{"line":124,"column":95}},"82":{"start":{"line":124,"column":52},"end":{"line":124,"column":93}},"83":{"start":{"line":126,"column":19},"end":{"line":127,"column":null}},"84":{"start":{"line":130,"column":26},"end":{"line":130,"column":93}},"85":{"start":{"line":132,"column":4},"end":{"line":134,"column":5}},"86":{"start":{"line":133,"column":8},"end":{"line":133,"column":81}},"87":{"start":{"line":136,"column":4},"end":{"line":136,"column":90}},"88":{"start":{"line":115,"column":13},"end":{"line":115,"column":41}},"89":{"start":{"line":139,"column":37},"end":{"line":170,"column":2}},"90":{"start":{"line":142,"column":4},"end":{"line":170,"column":2}},"91":{"start":{"line":143,"column":47},"end":{"line":143,"column":55}},"92":{"start":{"line":145,"column":18},"end":{"line":145,"column":43}},"93":{"start":{"line":146,"column":28},"end":{"line":146,"column":63}},"94":{"start":{"line":148,"column":4},"end":{"line":148,"column":85}},"95":{"start":{"line":148,"column":15},"end":{"line":148,"column":85}},"96":{"start":{"line":150,"column":22},"end":{"line":150,"column":58}},"97":{"start":{"line":152,"column":21},"end":{"line":157,"column":6}},"98":{"start":{"line":155,"column":48},"end":{"line":155,"column":89}},"99":{"start":{"line":159,"column":26},"end":{"line":159,"column":84}},"100":{"start":{"line":161,"column":31},"end":{"line":161,"column":84}},"101":{"start":{"line":163,"column":4},"end":{"line":165,"column":5}},"102":{"start":{"line":164,"column":8},"end":{"line":164,"column":80}},"103":{"start":{"line":167,"column":4},"end":{"line":167,"column":27}},"104":{"start":{"line":169,"column":4},"end":{"line":169,"column":86}},"105":{"start":{"line":139,"column":13},"end":{"line":139,"column":37}},"106":{"start":{"line":172,"column":25},"end":{"line":187,"column":2}},"107":{"start":{"line":176,"column":4},"end":{"line":187,"column":2}},"108":{"start":{"line":177,"column":30},"end":{"line":183,"column":7}},"109":{"start":{"line":177,"column":48},"end":{"line":183,"column":7}},"110":{"start":{"line":184,"column":26},"end":{"line":184,"column":85}},"111":{"start":{"line":186,"column":4},"end":{"line":186,"column":25}},"112":{"start":{"line":189,"column":23},"end":{"line":206,"column":2}},"113":{"start":{"line":189,"column":87},"end":{"line":206,"column":2}},"114":{"start":{"line":190,"column":4},"end":{"line":202,"column":5}},"115":{"start":{"line":191,"column":31},"end":{"line":191,"column":67}},"116":{"start":{"line":192,"column":8},"end":{"line":194,"column":9}},"117":{"start":{"line":193,"column":12},"end":{"line":193,"column":25}},"118":{"start":{"line":195,"column":8},"end":{"line":195,"column":59}},"119":{"start":{"line":196,"column":8},"end":{"line":196,"column":46}},"120":{"start":{"line":197,"column":11},"end":{"line":202,"column":5}},"121":{"start":{"line":198,"column":8},"end":{"line":198,"column":53}},"122":{"start":{"line":199,"column":8},"end":{"line":199,"column":43}},"123":{"start":{"line":201,"column":8},"end":{"line":201,"column":21}},"124":{"start":{"line":204,"column":4},"end":{"line":204,"column":23}},"125":{"start":{"line":205,"column":4},"end":{"line":205,"column":16}},"126":{"start":{"line":208,"column":27},"end":{"line":215,"column":2}},"127":{"start":{"line":208,"column":56},"end":{"line":215,"column":2}},"128":{"start":{"line":209,"column":19},"end":{"line":210,"column":null}},"129":{"start":{"line":212,"column":25},"end":{"line":212,"column":39}},"130":{"start":{"line":213,"column":26},"end":{"line":213,"column":80}},"131":{"start":{"line":214,"column":4},"end":{"line":214,"column":67}},"132":{"start":{"line":217,"column":34},"end":{"line":238,"column":2}},"133":{"start":{"line":223,"column":4},"end":{"line":238,"column":2}},"134":{"start":{"line":224,"column":25},"end":{"line":224,"column":45}},"135":{"start":{"line":225,"column":26},"end":{"line":233,"column":6}},"136":{"start":{"line":235,"column":4},"end":{"line":235,"column":51}},"137":{"start":{"line":235,"column":39},"end":{"line":235,"column":51}},"138":{"start":{"line":237,"column":4},"end":{"line":237,"column":39}}},"fnMap":{"0":{"name":"(anonymous_8)","decl":{"start":{"line":20,"column":29},"end":{"line":20,"column":36}},"loc":{"start":{"line":20,"column":67},"end":{"line":60,"column":2}}},"1":{"name":"(anonymous_9)","decl":{"start":{"line":20,"column":67},"end":{"line":20,"column":null}},"loc":{"start":{"line":20,"column":67},"end":{"line":60,"column":1}}},"2":{"name":"(anonymous_10)","decl":{"start":{"line":40,"column":35},"end":{"line":40,"column":36}},"loc":{"start":{"line":40,"column":40},"end":{"line":40,"column":56}}},"3":{"name":"(anonymous_11)","decl":{"start":{"line":45,"column":36},"end":{"line":45,"column":37}},"loc":{"start":{"line":46,"column":12},"end":{"line":46,"column":69}}},"4":{"name":"(anonymous_12)","decl":{"start":{"line":62,"column":32},"end":{"line":62,"column":39}},"loc":{"start":{"line":62,"column":70},"end":{"line":88,"column":2}}},"5":{"name":"(anonymous_13)","decl":{"start":{"line":62,"column":70},"end":{"line":62,"column":null}},"loc":{"start":{"line":62,"column":70},"end":{"line":88,"column":1}}},"6":{"name":"(anonymous_14)","decl":{"start":{"line":72,"column":41},"end":{"line":72,"column":42}},"loc":{"start":{"line":72,"column":46},"end":{"line":72,"column":82}}},"7":{"name":"(anonymous_15)","decl":{"start":{"line":74,"column":47},"end":{"line":74,"column":48}},"loc":{"start":{"line":74,"column":52},"end":{"line":74,"column":68}}},"8":{"name":"(anonymous_16)","decl":{"start":{"line":77,"column":36},"end":{"line":77,"column":37}},"loc":{"start":{"line":78,"column":12},"end":{"line":78,"column":69}}},"9":{"name":"(anonymous_17)","decl":{"start":{"line":90,"column":29},"end":{"line":90,"column":36}},"loc":{"start":{"line":90,"column":67},"end":{"line":100,"column":2}}},"10":{"name":"(anonymous_18)","decl":{"start":{"line":90,"column":67},"end":{"line":90,"column":null}},"loc":{"start":{"line":90,"column":67},"end":{"line":100,"column":1}}},"11":{"name":"(anonymous_19)","decl":{"start":{"line":102,"column":23},"end":{"line":102,"column":30}},"loc":{"start":{"line":102,"column":64},"end":{"line":113,"column":2}}},"12":{"name":"(anonymous_20)","decl":{"start":{"line":102,"column":64},"end":{"line":102,"column":null}},"loc":{"start":{"line":102,"column":64},"end":{"line":113,"column":1}}},"13":{"name":"(anonymous_21)","decl":{"start":{"line":115,"column":41},"end":{"line":115,"column":null}},"loc":{"start":{"line":118,"column":4},"end":{"line":137,"column":2}}},"14":{"name":"(anonymous_22)","decl":{"start":{"line":118,"column":4},"end":{"line":118,"column":null}},"loc":{"start":{"line":118,"column":4},"end":{"line":137,"column":1}}},"15":{"name":"(anonymous_23)","decl":{"start":{"line":124,"column":37},"end":{"line":124,"column":38}},"loc":{"start":{"line":124,"column":51},"end":{"line":124,"column":93}}},"16":{"name":"(anonymous_24)","decl":{"start":{"line":139,"column":37},"end":{"line":139,"column":null}},"loc":{"start":{"line":142,"column":4},"end":{"line":170,"column":2}}},"17":{"name":"(anonymous_25)","decl":{"start":{"line":142,"column":4},"end":{"line":142,"column":null}},"loc":{"start":{"line":142,"column":4},"end":{"line":170,"column":1}}},"18":{"name":"(anonymous_26)","decl":{"start":{"line":155,"column":33},"end":{"line":155,"column":34}},"loc":{"start":{"line":155,"column":47},"end":{"line":155,"column":89}}},"19":{"name":"(anonymous_27)","decl":{"start":{"line":172,"column":25},"end":{"line":172,"column":null}},"loc":{"start":{"line":176,"column":4},"end":{"line":187,"column":2}}},"20":{"name":"(anonymous_28)","decl":{"start":{"line":176,"column":4},"end":{"line":176,"column":null}},"loc":{"start":{"line":176,"column":4},"end":{"line":187,"column":1}}},"21":{"name":"(anonymous_29)","decl":{"start":{"line":177,"column":40},"end":{"line":177,"column":44}},"loc":{"start":{"line":177,"column":47},"end":{"line":183,"column":7}}},"22":{"name":"(anonymous_30)","decl":{"start":{"line":189,"column":23},"end":{"line":189,"column":30}},"loc":{"start":{"line":189,"column":87},"end":{"line":206,"column":2}}},"23":{"name":"(anonymous_31)","decl":{"start":{"line":189,"column":87},"end":{"line":189,"column":null}},"loc":{"start":{"line":189,"column":87},"end":{"line":206,"column":1}}},"24":{"name":"(anonymous_32)","decl":{"start":{"line":208,"column":27},"end":{"line":208,"column":34}},"loc":{"start":{"line":208,"column":56},"end":{"line":215,"column":2}}},"25":{"name":"(anonymous_33)","decl":{"start":{"line":208,"column":56},"end":{"line":208,"column":null}},"loc":{"start":{"line":208,"column":56},"end":{"line":215,"column":1}}},"26":{"name":"(anonymous_34)","decl":{"start":{"line":217,"column":34},"end":{"line":217,"column":null}},"loc":{"start":{"line":223,"column":4},"end":{"line":238,"column":2}}},"27":{"name":"(anonymous_35)","decl":{"start":{"line":223,"column":4},"end":{"line":223,"column":null}},"loc":{"start":{"line":223,"column":4},"end":{"line":238,"column":1}}}},"branchMap":{"0":{"loc":{"start":{"line":27,"column":4},"end":{"line":38,"column":5}},"type":"if","locations":[{"start":{"line":27,"column":4},"end":{"line":38,"column":5}}]},"1":{"loc":{"start":{"line":42,"column":4},"end":{"line":48,"column":5}},"type":"if","locations":[{"start":{"line":42,"column":4},"end":{"line":48,"column":5}},{"start":{"line":44,"column":11},"end":{"line":48,"column":5}}]},"2":{"loc":{"start":{"line":46,"column":12},"end":{"line":46,"column":69}},"type":"cond-expr","locations":[{"start":{"line":46,"column":30},"end":{"line":46,"column":66}},{"start":{"line":46,"column":68},"end":{"line":46,"column":69}}]},"3":{"loc":{"start":{"line":68,"column":4},"end":{"line":70,"column":5}},"type":"if","locations":[{"start":{"line":68,"column":4},"end":{"line":70,"column":5}}]},"4":{"loc":{"start":{"line":72,"column":46},"end":{"line":72,"column":82}},"type":"binary-expr","locations":[{"start":{"line":72,"column":46},"end":{"line":72,"column":62}},{"start":{"line":72,"column":66},"end":{"line":72,"column":82}}]},"5":{"loc":{"start":{"line":73,"column":4},"end":{"line":80,"column":5}},"type":"if","locations":[{"start":{"line":73,"column":4},"end":{"line":80,"column":5}},{"start":{"line":76,"column":11},"end":{"line":80,"column":5}}]},"6":{"loc":{"start":{"line":78,"column":12},"end":{"line":78,"column":69}},"type":"cond-expr","locations":[{"start":{"line":78,"column":30},"end":{"line":78,"column":66}},{"start":{"line":78,"column":68},"end":{"line":78,"column":69}}]},"7":{"loc":{"start":{"line":94,"column":4},"end":{"line":96,"column":5}},"type":"if","locations":[{"start":{"line":94,"column":4},"end":{"line":96,"column":5}}]},"8":{"loc":{"start":{"line":103,"column":35},"end":{"line":103,"column":46}},"type":"cond-expr","locations":[{"start":{"line":103,"column":35},"end":{"line":103,"column":40}},{"start":{"line":103,"column":44},"end":{"line":103,"column":46}}]},"9":{"loc":{"start":{"line":103,"column":35},"end":{"line":103,"column":44}},"type":"binary-expr","locations":[{"start":{"line":103,"column":35},"end":{"line":103,"column":44}},{"start":{"line":103,"column":35},"end":{"line":103,"column":44}}]},"10":{"loc":{"start":{"line":105,"column":4},"end":{"line":105,"column":41}},"type":"if","locations":[{"start":{"line":105,"column":4},"end":{"line":105,"column":41}}]},"11":{"loc":{"start":{"line":108,"column":4},"end":{"line":108,"column":34}},"type":"if","locations":[{"start":{"line":108,"column":4},"end":{"line":108,"column":34}}]},"12":{"loc":{"start":{"line":109,"column":4},"end":{"line":109,"column":41}},"type":"if","locations":[{"start":{"line":109,"column":4},"end":{"line":109,"column":41}}]},"13":{"loc":{"start":{"line":112,"column":34},"end":{"line":112,"column":50}},"type":"cond-expr","locations":[{"start":{"line":112,"column":41},"end":{"line":112,"column":43}},{"start":{"line":112,"column":34},"end":{"line":112,"column":50}}]},"14":{"loc":{"start":{"line":112,"column":34},"end":{"line":112,"column":43}},"type":"binary-expr","locations":[{"start":{"line":112,"column":34},"end":{"line":112,"column":43}},{"start":{"line":112,"column":34},"end":{"line":112,"column":43}}]},"15":{"loc":{"start":{"line":121,"column":50},"end":{"line":121,"column":63}},"type":"cond-expr","locations":[{"start":{"line":121,"column":50},"end":{"line":121,"column":57}},{"start":{"line":121,"column":61},"end":{"line":121,"column":63}}]},"16":{"loc":{"start":{"line":121,"column":50},"end":{"line":121,"column":61}},"type":"binary-expr","locations":[{"start":{"line":121,"column":50},"end":{"line":121,"column":61}},{"start":{"line":121,"column":50},"end":{"line":121,"column":61}}]},"17":{"loc":{"start":{"line":122,"column":4},"end":{"line":122,"column":85}},"type":"if","locations":[{"start":{"line":122,"column":4},"end":{"line":122,"column":85}}]},"18":{"loc":{"start":{"line":124,"column":59},"end":{"line":124,"column":74}},"type":"cond-expr","locations":[{"start":{"line":124,"column":69},"end":{"line":124,"column":73}},{"start":{"line":124,"column":73},"end":{"line":124,"column":74}}]},"19":{"loc":{"start":{"line":124,"column":59},"end":{"line":124,"column":73}},"type":"binary-expr","locations":[{"start":{"line":124,"column":59},"end":{"line":124,"column":73}},{"start":{"line":124,"column":69},"end":{"line":124,"column":73}}]},"20":{"loc":{"start":{"line":132,"column":4},"end":{"line":134,"column":5}},"type":"if","locations":[{"start":{"line":132,"column":4},"end":{"line":134,"column":5}}]},"21":{"loc":{"start":{"line":146,"column":42},"end":{"line":146,"column":55}},"type":"cond-expr","locations":[{"start":{"line":146,"column":42},"end":{"line":146,"column":49}},{"start":{"line":146,"column":53},"end":{"line":146,"column":55}}]},"22":{"loc":{"start":{"line":146,"column":42},"end":{"line":146,"column":53}},"type":"binary-expr","locations":[{"start":{"line":146,"column":42},"end":{"line":146,"column":53}},{"start":{"line":146,"column":42},"end":{"line":146,"column":53}}]},"23":{"loc":{"start":{"line":148,"column":4},"end":{"line":148,"column":85}},"type":"if","locations":[{"start":{"line":148,"column":4},"end":{"line":148,"column":85}}]},"24":{"loc":{"start":{"line":154,"column":15},"end":{"line":154,"column":26}},"type":"cond-expr","locations":[{"start":{"line":154,"column":15},"end":{"line":154,"column":20}},{"start":{"line":154,"column":24},"end":{"line":154,"column":26}}]},"25":{"loc":{"start":{"line":154,"column":15},"end":{"line":154,"column":24}},"type":"binary-expr","locations":[{"start":{"line":154,"column":15},"end":{"line":154,"column":24}},{"start":{"line":154,"column":15},"end":{"line":154,"column":24}}]},"26":{"loc":{"start":{"line":155,"column":55},"end":{"line":155,"column":70}},"type":"cond-expr","locations":[{"start":{"line":155,"column":65},"end":{"line":155,"column":69}},{"start":{"line":155,"column":69},"end":{"line":155,"column":70}}]},"27":{"loc":{"start":{"line":155,"column":55},"end":{"line":155,"column":69}},"type":"binary-expr","locations":[{"start":{"line":155,"column":55},"end":{"line":155,"column":69}},{"start":{"line":155,"column":65},"end":{"line":155,"column":69}}]},"28":{"loc":{"start":{"line":163,"column":4},"end":{"line":165,"column":5}},"type":"if","locations":[{"start":{"line":163,"column":4},"end":{"line":165,"column":5}}]},"29":{"loc":{"start":{"line":182,"column":15},"end":{"line":182,"column":30}},"type":"cond-expr","locations":[{"start":{"line":182,"column":25},"end":{"line":182,"column":29}},{"start":{"line":182,"column":29},"end":{"line":182,"column":30}}]},"30":{"loc":{"start":{"line":182,"column":15},"end":{"line":182,"column":29}},"type":"binary-expr","locations":[{"start":{"line":182,"column":15},"end":{"line":182,"column":29}},{"start":{"line":182,"column":25},"end":{"line":182,"column":29}}]},"31":{"loc":{"start":{"line":190,"column":4},"end":{"line":202,"column":5}},"type":"if","locations":[{"start":{"line":190,"column":4},"end":{"line":202,"column":5}},{"start":{"line":197,"column":11},"end":{"line":202,"column":5}}]},"32":{"loc":{"start":{"line":192,"column":8},"end":{"line":194,"column":9}},"type":"if","locations":[{"start":{"line":192,"column":8},"end":{"line":194,"column":9}}]},"33":{"loc":{"start":{"line":197,"column":11},"end":{"line":202,"column":5}},"type":"if","locations":[{"start":{"line":197,"column":11},"end":{"line":202,"column":5}},{"start":{"line":200,"column":11},"end":{"line":202,"column":5}}]},"34":{"loc":{"start":{"line":231,"column":20},"end":{"line":231,"column":37}},"type":"cond-expr","locations":[{"start":{"line":231,"column":20},"end":{"line":231,"column":26}},{"start":{"line":231,"column":30},"end":{"line":231,"column":37}}]},"35":{"loc":{"start":{"line":231,"column":20},"end":{"line":231,"column":30}},"type":"binary-expr","locations":[{"start":{"line":231,"column":20},"end":{"line":231,"column":30}},{"start":{"line":231,"column":20},"end":{"line":231,"column":30}}]},"36":{"loc":{"start":{"line":235,"column":4},"end":{"line":235,"column":51}},"type":"if","locations":[{"start":{"line":235,"column":4},"end":{"line":235,"column":51}}]},"37":{"loc":{"start":{"line":235,"column":9},"end":{"line":235,"column":37}},"type":"cond-expr","locations":[{"start":{"line":235,"column":22},"end":{"line":235,"column":24}},{"start":{"line":235,"column":9},"end":{"line":235,"column":37}}]},"38":{"loc":{"start":{"line":235,"column":9},"end":{"line":235,"column":24}},"type":"binary-expr","locations":[{"start":{"line":235,"column":9},"end":{"line":235,"column":24}},{"start":{"line":235,"column":9},"end":{"line":235,"column":24}}]}},"s":{"0":1,"1":1,"2":1,"3":1,"4":1,"5":1,"6":1,"7":1,"8":1,"9":1,"10":3,"11":3,"12":3,"13":3,"14":3,"15":1,"16":1,"17":1,"18":1,"19":2,"20":2,"21":2,"22":1,"23":1,"24":1,"25":2,"26":2,"27":2,"28":2,"29":1,"30":1,"31":3,"32":3,"33":3,"34":3,"35":3,"36":1,"37":2,"38":2,"39":2,"40":1,"41":1,"42":1,"43":1,"44":1,"45":2,"46":2,"47":2,"48":2,"49":1,"50":1,"51":2,"52":2,"53":2,"54":2,"55":2,"56":1,"57":1,"58":1,"59":1,"60":1,"61":22,"62":22,"63":22,"64":22,"65":3,"66":22,"67":22,"68":3,"69":22,"70":22,"71":22,"72":22,"73":1,"74":1,"75":4,"76":4,"77":4,"78":4,"79":4,"80":1,"81":3,"82":3,"83":3,"84":3,"85":3,"86":0,"87":3,"88":1,"89":1,"90":6,"91":6,"92":6,"93":6,"94":6,"95":1,"96":5,"97":5,"98":6,"99":5,"100":5,"101":5,"102":1,"103":4,"104":4,"105":1,"106":1,"107":5,"108":5,"109":6,"110":5,"111":5,"112":1,"113":5,"114":5,"115":3,"116":3,"117":0,"118":3,"119":3,"120":2,"121":1,"122":1,"123":1,"124":4,"125":4,"126":1,"127":3,"128":3,"129":3,"130":3,"131":3,"132":1,"133":3,"134":3,"135":3,"136":3,"137":0,"138":3},"f":{"0":3,"1":3,"2":2,"3":1,"4":3,"5":3,"6":2,"7":1,"8":1,"9":2,"10":2,"11":22,"12":22,"13":4,"14":4,"15":3,"16":6,"17":6,"18":6,"19":5,"20":5,"21":6,"22":5,"23":5,"24":3,"25":3,"26":3,"27":3},"b":{"0":[1],"1":[1,1],"2":[1,0],"3":[1],"4":[2,2],"5":[1,1],"6":[1,0],"7":[1],"8":[6,16],"9":[22,21],"10":[3],"11":[3],"12":[22],"13":[19,3],"14":[22,3],"15":[4,0],"16":[4,4],"17":[1],"18":[3,0],"19":[3,3],"20":[0],"21":[6,0],"22":[6,6],"23":[1],"24":[5,0],"25":[5,5],"26":[6,0],"27":[6,6],"28":[1],"29":[6,0],"30":[6,6],"31":[3,2],"32":[0],"33":[1,1],"34":[0,3],"35":[3,3],"36":[0],"37":[0,3],"38":[3,3]}}
,"D:\\Alonso\\Proyectos\\JS\\Dolcelina\\microservices\\orders-microservice\\src\\controllers\\orders.controller.ts": {"path":"D:\\Alonso\\Proyectos\\JS\\Dolcelina\\microservices\\orders-microservice\\src\\controllers\\orders.controller.ts","statementMap":{"0":{"start":{"line":2,"column":0},"end":{"line":2,"column":65}},"1":{"start":{"line":3,"column":0},"end":{"line":3,"column":null}},"2":{"start":{"line":10,"column":0},"end":{"line":10,"column":60}},"3":{"start":{"line":12,"column":0},"end":{"line":12,"column":28}},"4":{"start":{"line":13,"column":0},"end":{"line":13,"column":31}},"5":{"start":{"line":16,"column":31},"end":{"line":36,"column":2}},"6":{"start":{"line":19,"column":4},"end":{"line":36,"column":2}},"7":{"start":{"line":20,"column":67},"end":{"line":20,"column":76}},"8":{"start":{"line":20,"column":53},"end":{"line":20,"column":58}},"9":{"start":{"line":20,"column":62},"end":{"line":20,"column":67}},"10":{"start":{"line":21,"column":19},"end":{"line":21,"column":44}},"11":{"start":{"line":23,"column":22},"end":{"line":23,"column":58}},"12":{"start":{"line":25,"column":19},"end":{"line":31,"column":6}},"13":{"start":{"line":33,"column":4},"end":{"line":33,"column":87}},"14":{"start":{"line":33,"column":17},"end":{"line":33,"column":87}},"15":{"start":{"line":35,"column":4},"end":{"line":35,"column":69}},"16":{"start":{"line":16,"column":13},"end":{"line":16,"column":31}},"17":{"start":{"line":38,"column":34},"end":{"line":52,"column":2}},"18":{"start":{"line":38,"column":88},"end":{"line":52,"column":2}},"19":{"start":{"line":39,"column":19},"end":{"line":39,"column":29}},"20":{"start":{"line":40,"column":22},"end":{"line":40,"column":58}},"21":{"start":{"line":42,"column":18},"end":{"line":47,"column":6}},"22":{"start":{"line":49,"column":4},"end":{"line":49,"column":86}},"23":{"start":{"line":49,"column":16},"end":{"line":49,"column":86}},"24":{"start":{"line":51,"column":4},"end":{"line":51,"column":68}},"25":{"start":{"line":38,"column":13},"end":{"line":38,"column":34}},"26":{"start":{"line":54,"column":33},"end":{"line":79,"column":2}},"27":{"start":{"line":57,"column":4},"end":{"line":79,"column":2}},"28":{"start":{"line":58,"column":19},"end":{"line":58,"column":29}},"29":{"start":{"line":59,"column":74},"end":{"line":59,"column":82}},"30":{"start":{"line":61,"column":22},"end":{"line":61,"column":58}},"31":{"start":{"line":63,"column":18},"end":{"line":63,"column":55}},"32":{"start":{"line":64,"column":4},"end":{"line":64,"column":86}},"33":{"start":{"line":64,"column":16},"end":{"line":64,"column":86}},"34":{"start":{"line":66,"column":51},"end":{"line":68,"column":6}},"35":{"start":{"line":70,"column":4},"end":{"line":70,"column":57}},"36":{"start":{"line":70,"column":29},"end":{"line":70,"column":57}},"37":{"start":{"line":71,"column":4},"end":{"line":71,"column":57}},"38":{"start":{"line":71,"column":29},"end":{"line":71,"column":57}},"39":{"start":{"line":72,"column":4},"end":{"line":72,"column":60}},"40":{"start":{"line":72,"column":30},"end":{"line":72,"column":60}},"41":{"start":{"line":73,"column":4},"end":{"line":73,"column":84}},"42":{"start":{"line":73,"column":38},"end":{"line":73,"column":84}},"43":{"start":{"line":74,"column":4},"end":{"line":74,"column":99}},"44":{"start":{"line":74,"column":43},"end":{"line":74,"column":99}},"45":{"start":{"line":76,"column":25},"end":{"line":76,"column":58}},"46":{"start":{"line":78,"column":4},"end":{"line":78,"column":82}},"47":{"start":{"line":54,"column":13},"end":{"line":54,"column":33}},"48":{"start":{"line":81,"column":33},"end":{"line":93,"column":2}},"49":{"start":{"line":81,"column":87},"end":{"line":93,"column":2}},"50":{"start":{"line":82,"column":19},"end":{"line":82,"column":29}},"51":{"start":{"line":84,"column":22},"end":{"line":84,"column":58}},"52":{"start":{"line":86,"column":18},"end":{"line":86,"column":55}},"53":{"start":{"line":87,"column":4},"end":{"line":87,"column":86}},"54":{"start":{"line":87,"column":16},"end":{"line":87,"column":86}},"55":{"start":{"line":89,"column":4},"end":{"line":89,"column":71}},"56":{"start":{"line":90,"column":4},"end":{"line":90,"column":26}},"57":{"start":{"line":92,"column":4},"end":{"line":92,"column":61}},"58":{"start":{"line":81,"column":13},"end":{"line":81,"column":33}},"59":{"start":{"line":95,"column":28},"end":{"line":106,"column":1}},"60":{"start":{"line":96,"column":66},"end":{"line":96,"column":71}},"61":{"start":{"line":97,"column":54},"end":{"line":97,"column":56}},"62":{"start":{"line":99,"column":4},"end":{"line":99,"column":68}},"63":{"start":{"line":99,"column":15},"end":{"line":99,"column":68}},"64":{"start":{"line":100,"column":4},"end":{"line":100,"column":49}},"65":{"start":{"line":100,"column":16},"end":{"line":100,"column":49}},"66":{"start":{"line":101,"column":4},"end":{"line":101,"column":73}},"67":{"start":{"line":101,"column":24},"end":{"line":101,"column":73}},"68":{"start":{"line":102,"column":4},"end":{"line":103,"column":97}},"69":{"start":{"line":103,"column":8},"end":{"line":103,"column":97}},"70":{"start":{"line":105,"column":4},"end":{"line":105,"column":28}}},"fnMap":{"0":{"name":"(anonymous_9)","decl":{"start":{"line":16,"column":31},"end":{"line":16,"column":null}},"loc":{"start":{"line":19,"column":4},"end":{"line":36,"column":2}}},"1":{"name":"(anonymous_10)","decl":{"start":{"line":19,"column":4},"end":{"line":19,"column":null}},"loc":{"start":{"line":19,"column":4},"end":{"line":36,"column":1}}},"2":{"name":"(anonymous_11)","decl":{"start":{"line":38,"column":34},"end":{"line":38,"column":41}},"loc":{"start":{"line":38,"column":88},"end":{"line":52,"column":2}}},"3":{"name":"(anonymous_12)","decl":{"start":{"line":38,"column":88},"end":{"line":38,"column":null}},"loc":{"start":{"line":38,"column":88},"end":{"line":52,"column":1}}},"4":{"name":"(anonymous_13)","decl":{"start":{"line":54,"column":33},"end":{"line":54,"column":null}},"loc":{"start":{"line":57,"column":4},"end":{"line":79,"column":2}}},"5":{"name":"(anonymous_14)","decl":{"start":{"line":57,"column":4},"end":{"line":57,"column":null}},"loc":{"start":{"line":57,"column":4},"end":{"line":79,"column":1}}},"6":{"name":"(anonymous_15)","decl":{"start":{"line":81,"column":33},"end":{"line":81,"column":40}},"loc":{"start":{"line":81,"column":87},"end":{"line":93,"column":2}}},"7":{"name":"(anonymous_16)","decl":{"start":{"line":81,"column":87},"end":{"line":81,"column":null}},"loc":{"start":{"line":81,"column":87},"end":{"line":93,"column":1}}},"8":{"name":"(anonymous_17)","decl":{"start":{"line":95,"column":28},"end":{"line":95,"column":29}},"loc":{"start":{"line":95,"column":93},"end":{"line":106,"column":1}}}},"branchMap":{"0":{"loc":{"start":{"line":28,"column":17},"end":{"line":28,"column":51}},"type":"binary-expr","locations":[{"start":{"line":28,"column":17},"end":{"line":28,"column":35}},{"start":{"line":28,"column":39},"end":{"line":28,"column":51}}]},"1":{"loc":{"start":{"line":28,"column":17},"end":{"line":28,"column":35}},"type":"cond-expr","locations":[{"start":{"line":28,"column":27},"end":{"line":28,"column":29}},{"start":{"line":28,"column":17},"end":{"line":28,"column":35}}]},"2":{"loc":{"start":{"line":28,"column":17},"end":{"line":28,"column":29}},"type":"binary-expr","locations":[{"start":{"line":28,"column":17},"end":{"line":28,"column":29}},{"start":{"line":28,"column":17},"end":{"line":28,"column":29}}]},"3":{"loc":{"start":{"line":28,"column":53},"end":{"line":28,"column":77}},"type":"binary-expr","locations":[{"start":{"line":28,"column":53},"end":{"line":28,"column":67}},{"start":{"line":28,"column":71},"end":{"line":28,"column":77}}]},"4":{"loc":{"start":{"line":33,"column":4},"end":{"line":33,"column":87}},"type":"if","locations":[{"start":{"line":33,"column":4},"end":{"line":33,"column":87}}]},"5":{"loc":{"start":{"line":49,"column":4},"end":{"line":49,"column":86}},"type":"if","locations":[{"start":{"line":49,"column":4},"end":{"line":49,"column":86}}]},"6":{"loc":{"start":{"line":64,"column":4},"end":{"line":64,"column":86}},"type":"if","locations":[{"start":{"line":64,"column":4},"end":{"line":64,"column":86}}]},"7":{"loc":{"start":{"line":70,"column":4},"end":{"line":70,"column":57}},"type":"if","locations":[{"start":{"line":70,"column":4},"end":{"line":70,"column":57}}]},"8":{"loc":{"start":{"line":71,"column":4},"end":{"line":71,"column":57}},"type":"if","locations":[{"start":{"line":71,"column":4},"end":{"line":71,"column":57}}]},"9":{"loc":{"start":{"line":72,"column":4},"end":{"line":72,"column":60}},"type":"if","locations":[{"start":{"line":72,"column":4},"end":{"line":72,"column":60}}]},"10":{"loc":{"start":{"line":73,"column":4},"end":{"line":73,"column":84}},"type":"if","locations":[{"start":{"line":73,"column":4},"end":{"line":73,"column":84}}]},"11":{"loc":{"start":{"line":74,"column":4},"end":{"line":74,"column":99}},"type":"if","locations":[{"start":{"line":74,"column":4},"end":{"line":74,"column":99}}]},"12":{"loc":{"start":{"line":87,"column":4},"end":{"line":87,"column":86}},"type":"if","locations":[{"start":{"line":87,"column":4},"end":{"line":87,"column":86}}]},"13":{"loc":{"start":{"line":99,"column":4},"end":{"line":99,"column":68}},"type":"if","locations":[{"start":{"line":99,"column":4},"end":{"line":99,"column":68}}]},"14":{"loc":{"start":{"line":100,"column":4},"end":{"line":100,"column":49}},"type":"if","locations":[{"start":{"line":100,"column":4},"end":{"line":100,"column":49}}]},"15":{"loc":{"start":{"line":101,"column":4},"end":{"line":101,"column":73}},"type":"if","locations":[{"start":{"line":101,"column":4},"end":{"line":101,"column":73}}]},"16":{"loc":{"start":{"line":102,"column":4},"end":{"line":103,"column":97}},"type":"if","locations":[{"start":{"line":102,"column":4},"end":{"line":103,"column":97}}]},"17":{"loc":{"start":{"line":102,"column":8},"end":{"line":102,"column":28}},"type":"binary-expr","locations":[{"start":{"line":102,"column":8},"end":{"line":102,"column":16}},{"start":{"line":102,"column":20},"end":{"line":102,"column":28}}]}},"s":{"0":1,"1":1,"2":1,"3":1,"4":1,"5":1,"6":3,"7":3,"8":3,"9":3,"10":3,"11":3,"12":3,"13":3,"14":0,"15":3,"16":1,"17":1,"18":2,"19":2,"20":2,"21":2,"22":2,"23":1,"24":1,"25":1,"26":1,"27":3,"28":3,"29":3,"30":3,"31":3,"32":3,"33":1,"34":2,"35":2,"36":1,"37":2,"38":1,"39":2,"40":2,"41":2,"42":0,"43":2,"44":0,"45":2,"46":2,"47":1,"48":1,"49":2,"50":2,"51":2,"52":2,"53":2,"54":1,"55":1,"56":1,"57":1,"58":1,"59":1,"60":3,"61":3,"62":3,"63":1,"64":3,"65":1,"66":3,"67":0,"68":3,"69":0,"70":3},"f":{"0":3,"1":3,"2":2,"3":2,"4":3,"5":3,"6":2,"7":2,"8":3},"b":{"0":[3,2],"1":[2,1],"2":[3,3],"3":[3,2],"4":[0],"5":[1],"6":[1],"7":[1],"8":[1],"9":[2],"10":[0],"11":[0],"12":[1],"13":[1],"14":[1],"15":[0],"16":[0],"17":[3,0]}}
,"D:\\Alonso\\Proyectos\\JS\\Dolcelina\\microservices\\orders-microservice\\src\\services\\sequelize-service.ts": {"path":"D:\\Alonso\\Proyectos\\JS\\Dolcelina\\microservices\\orders-microservice\\src\\services\\sequelize-service.ts","statementMap":{"0":{"start":{"line":1,"column":0},"end":{"line":1,"column":47}},"1":{"start":{"line":2,"column":0},"end":{"line":2,"column":59}},"2":{"start":{"line":4,"column":0},"end":{"line":4,"column":25}},"3":{"start":{"line":5,"column":0},"end":{"line":5,"column":63}},"4":{"start":{"line":6,"column":0},"end":{"line":6,"column":54}},"5":{"start":{"line":13,"column":11},"end":{"line":13,"column":36}},"6":{"start":{"line":20,"column":53},"end":{"line":20,"column":64}},"7":{"start":{"line":21,"column":8},"end":{"line":21,"column":74}},"8":{"start":{"line":22,"column":8},"end":{"line":22,"column":42}},"9":{"start":{"line":23,"column":8},"end":{"line":23,"column":43}},"10":{"start":{"line":27,"column":8},"end":{"line":29,"column":9}},"11":{"start":{"line":28,"column":12},"end":{"line":28,"column":63}},"12":{"start":{"line":31,"column":8},"end":{"line":37,"column":9}},"13":{"start":{"line":32,"column":12},"end":{"line":35,"column":15}},"14":{"start":{"line":33,"column":16},"end":{"line":33,"column":58}},"15":{"start":{"line":34,"column":16},"end":{"line":34,"column":26}},"16":{"start":{"line":36,"column":12},"end":{"line":36,"column":48}},"17":{"start":{"line":39,"column":8},"end":{"line":39,"column":41}},"18":{"start":{"line":43,"column":8},"end":{"line":45,"column":9}},"19":{"start":{"line":44,"column":12},"end":{"line":44,"column":19}},"20":{"start":{"line":47,"column":8},"end":{"line":47,"column":28}},"21":{"start":{"line":48,"column":8},"end":{"line":48,"column":36}},"22":{"start":{"line":52,"column":26},"end":{"line":52,"column":91}},"23":{"start":{"line":54,"column":35},"end":{"line":69,"column":10}},"24":{"start":{"line":71,"column":8},"end":{"line":77,"column":9}},"25":{"start":{"line":72,"column":12},"end":{"line":76,"column":14}},"26":{"start":{"line":79,"column":8},"end":{"line":84,"column":10}},"27":{"start":{"line":86,"column":8},"end":{"line":86,"column":45}},"28":{"start":{"line":87,"column":8},"end":{"line":87,"column":28}},"29":{"start":{"line":91,"column":8},"end":{"line":99,"column":9}},"30":{"start":{"line":92,"column":12},"end":{"line":92,"column":48}},"31":{"start":{"line":93,"column":12},"end":{"line":95,"column":14}},"32":{"start":{"line":97,"column":12},"end":{"line":97,"column":69}},"33":{"start":{"line":98,"column":12},"end":{"line":98,"column":22}},"34":{"start":{"line":103,"column":8},"end":{"line":107,"column":9}},"35":{"start":{"line":104,"column":12},"end":{"line":104,"column":41}},"36":{"start":{"line":105,"column":12},"end":{"line":105,"column":33}},"37":{"start":{"line":106,"column":12},"end":{"line":106,"column":54}},"38":{"start":{"line":111,"column":8},"end":{"line":115,"column":10}},"39":{"start":{"line":8,"column":0},"end":{"line":8,"column":13}}},"fnMap":{"0":{"name":"(anonymous_8)","decl":{"start":{"line":19,"column":4},"end":{"line":19,"column":null}},"loc":{"start":{"line":19,"column":4},"end":{"line":24,"column":5}}},"1":{"name":"(anonymous_9)","decl":{"start":{"line":26,"column":11},"end":{"line":26,"column":17}},"loc":{"start":{"line":26,"column":35},"end":{"line":40,"column":null}}},"2":{"name":"(anonymous_11)","decl":{"start":{"line":32,"column":91},"end":{"line":32,"column":94}},"loc":{"start":{"line":32,"column":97},"end":{"line":35,"column":13}}},"3":{"name":"(anonymous_12)","decl":{"start":{"line":42,"column":17},"end":{"line":42,"column":27}},"loc":{"start":{"line":42,"column":27},"end":{"line":49,"column":null}}},"4":{"name":"(anonymous_14)","decl":{"start":{"line":51,"column":18},"end":{"line":51,"column":24}},"loc":{"start":{"line":51,"column":24},"end":{"line":88,"column":null}}},"5":{"name":"(anonymous_16)","decl":{"start":{"line":90,"column":18},"end":{"line":90,"column":32}},"loc":{"start":{"line":90,"column":32},"end":{"line":100,"column":null}}},"6":{"name":"(anonymous_18)","decl":{"start":{"line":102,"column":17},"end":{"line":102,"column":22}},"loc":{"start":{"line":102,"column":22},"end":{"line":108,"column":null}}},"7":{"name":"(anonymous_20)","decl":{"start":{"line":110,"column":11},"end":{"line":110,"column":20}},"loc":{"start":{"line":110,"column":20},"end":{"line":116,"column":5}}}},"branchMap":{"0":{"loc":{"start":{"line":22,"column":20},"end":{"line":22,"column":41}},"type":"cond-expr","locations":[{"start":{"line":22,"column":20},"end":{"line":22,"column":26}},{"start":{"line":22,"column":30},"end":{"line":22,"column":41}}]},"1":{"loc":{"start":{"line":22,"column":20},"end":{"line":22,"column":30}},"type":"binary-expr","locations":[{"start":{"line":22,"column":20},"end":{"line":22,"column":30}},{"start":{"line":22,"column":20},"end":{"line":22,"column":30}}]},"2":{"loc":{"start":{"line":23,"column":20},"end":{"line":23,"column":42}},"type":"binary-expr","locations":[{"start":{"line":23,"column":20},"end":{"line":23,"column":34}},{"start":{"line":23,"column":38},"end":{"line":23,"column":42}}]},"3":{"loc":{"start":{"line":27,"column":8},"end":{"line":29,"column":9}},"type":"if","locations":[{"start":{"line":27,"column":8},"end":{"line":29,"column":9}}]},"4":{"loc":{"start":{"line":31,"column":8},"end":{"line":37,"column":9}},"type":"if","locations":[{"start":{"line":31,"column":8},"end":{"line":37,"column":9}}]},"5":{"loc":{"start":{"line":32,"column":12},"end":{"line":35,"column":15}},"type":"cond-expr","locations":[{"start":{"line":32,"column":41},"end":{"line":32,"column":46}},{"start":{"line":32,"column":12},"end":{"line":35,"column":14}}]},"6":{"loc":{"start":{"line":32,"column":12},"end":{"line":32,"column":46}},"type":"binary-expr","locations":[{"start":{"line":32,"column":12},"end":{"line":32,"column":46}},{"start":{"line":32,"column":41},"end":{"line":32,"column":46}}]},"7":{"loc":{"start":{"line":43,"column":8},"end":{"line":45,"column":9}},"type":"if","locations":[{"start":{"line":43,"column":8},"end":{"line":45,"column":9}}]},"8":{"loc":{"start":{"line":71,"column":8},"end":{"line":77,"column":9}},"type":"if","locations":[{"start":{"line":71,"column":8},"end":{"line":77,"column":9}}]},"9":{"loc":{"start":{"line":103,"column":8},"end":{"line":107,"column":9}},"type":"if","locations":[{"start":{"line":103,"column":8},"end":{"line":107,"column":9}}]}},"s":{"0":1,"1":1,"2":1,"3":1,"4":1,"5":1,"6":1,"7":1,"8":1,"9":1,"10":13,"11":1,"12":13,"13":5,"14":0,"15":0,"16":5,"17":13,"18":1,"19":0,"20":1,"21":1,"22":1,"23":1,"24":1,"25":0,"26":1,"27":1,"28":1,"29":1,"30":1,"31":1,"32":0,"33":0,"34":1,"35":1,"36":1,"37":1,"38":1,"39":1},"f":{"0":1,"1":13,"2":0,"3":1,"4":1,"5":1,"6":1,"7":1},"b":{"0":[0,1],"1":[1,1],"2":[1,1],"3":[1],"4":[5],"5":[4,1],"6":[5,5],"7":[0],"8":[0],"9":[1]}}
,"D:\\Alonso\\Proyectos\\JS\\Dolcelina\\microservices\\orders-microservice\\src\\utils\\geo-helper.ts": {"path":"D:\\Alonso\\Proyectos\\JS\\Dolcelina\\microservices\\orders-microservice\\src\\utils\\geo-helper.ts","statementMap":{"0":{"start":{"line":1,"column":0},"end":{"line":1,"column":31}},"1":{"start":{"line":3,"column":34},"end":{"line":6,"column":1}},"2":{"start":{"line":4,"column":18},"end":{"line":4,"column":40}},"3":{"start":{"line":5,"column":4},"end":{"line":5,"column":93}},"4":{"start":{"line":3,"column":13},"end":{"line":3,"column":34}}},"fnMap":{"0":{"name":"(anonymous_1)","decl":{"start":{"line":3,"column":34},"end":{"line":3,"column":35}},"loc":{"start":{"line":3,"column":61},"end":{"line":6,"column":1}}}},"branchMap":{"0":{"loc":{"start":{"line":4,"column":31},"end":{"line":4,"column":39}},"type":"cond-expr","locations":[{"start":{"line":4,"column":31},"end":{"line":4,"column":33}},{"start":{"line":4,"column":37},"end":{"line":4,"column":39}}]},"1":{"loc":{"start":{"line":4,"column":31},"end":{"line":4,"column":37}},"type":"binary-expr","locations":[{"start":{"line":4,"column":31},"end":{"line":4,"column":37}},{"start":{"line":4,"column":31},"end":{"line":4,"column":37}}]},"2":{"loc":{"start":{"line":5,"column":11},"end":{"line":5,"column":92}},"type":"cond-expr","locations":[{"start":{"line":5,"column":19},"end":{"line":5,"column":80}},{"start":{"line":5,"column":83},"end":{"line":5,"column":92}}]}},"s":{"0":1,"1":1,"2":4,"3":4,"4":1},"f":{"0":4},"b":{"0":[3,1],"1":[4,4],"2":[2,2]}}
}
