TN:
SF:src\constants\secrets-contants.ts
FNF:0
FNH:0
DA:1,2
DA:2,2
DA:3,2
DA:4,2
DA:5,2
DA:6,2
DA:7,2
DA:8,2
LF:8
LH:8
BRF:0
BRH:0
end_of_record
TN:
SF:src\controllers\cart.controller.ts
FN:20,(anonymous_8)
FN:20,(anonymous_9)
FN:40,(anonymous_10)
FN:45,(anonymous_11)
FN:62,(anonymous_12)
FN:62,(anonymous_13)
FN:72,(anonymous_14)
FN:74,(anonymous_15)
FN:77,(anonymous_16)
FN:90,(anonymous_17)
FN:90,(anonymous_18)
FN:102,(anonymous_19)
FN:102,(anonymous_20)
FN:115,(anonymous_21)
FN:118,(anonymous_22)
FN:124,(anonymous_23)
FN:139,(anonymous_24)
FN:142,(anonymous_25)
FN:155,(anonymous_26)
FN:172,(anonymous_27)
FN:176,(anonymous_28)
FN:177,(anonymous_29)
FN:189,(anonymous_30)
FN:189,(anonymous_31)
FN:208,(anonymous_32)
FN:208,(anonymous_33)
FN:217,(anonymous_34)
FN:223,(anonymous_35)
FNF:28
FNH:28
FNDA:3,(anonymous_8)
FNDA:3,(anonymous_9)
FNDA:2,(anonymous_10)
FNDA:1,(anonymous_11)
FNDA:3,(anonymous_12)
FNDA:3,(anonymous_13)
FNDA:2,(anonymous_14)
FNDA:1,(anonymous_15)
FNDA:1,(anonymous_16)
FNDA:2,(anonymous_17)
FNDA:2,(anonymous_18)
FNDA:22,(anonymous_19)
FNDA:22,(anonymous_20)
FNDA:4,(anonymous_21)
FNDA:4,(anonymous_22)
FNDA:3,(anonymous_23)
FNDA:6,(anonymous_24)
FNDA:6,(anonymous_25)
FNDA:6,(anonymous_26)
FNDA:5,(anonymous_27)
FNDA:5,(anonymous_28)
FNDA:6,(anonymous_29)
FNDA:5,(anonymous_30)
FNDA:5,(anonymous_31)
FNDA:3,(anonymous_32)
FNDA:3,(anonymous_33)
FNDA:3,(anonymous_34)
FNDA:3,(anonymous_35)
DA:2,1
DA:3,1
DA:10,1
DA:11,1
DA:12,1
DA:14,1
DA:15,1
DA:17,1
DA:18,1
DA:20,3
DA:21,3
DA:23,3
DA:25,3
DA:27,3
DA:28,1
DA:34,1
DA:36,1
DA:37,1
DA:40,2
DA:42,2
DA:43,1
DA:45,1
DA:46,1
DA:50,2
DA:51,2
DA:53,2
DA:59,2
DA:62,3
DA:63,3
DA:64,3
DA:66,3
DA:68,3
DA:69,1
DA:72,2
DA:73,2
DA:74,1
DA:75,1
DA:77,1
DA:78,1
DA:82,2
DA:83,2
DA:85,2
DA:87,2
DA:90,2
DA:91,2
DA:92,2
DA:93,2
DA:94,2
DA:95,1
DA:98,1
DA:99,1
DA:102,22
DA:103,22
DA:104,22
DA:105,22
DA:107,22
DA:108,22
DA:109,22
DA:111,22
DA:112,22
DA:115,1
DA:118,4
DA:119,4
DA:120,4
DA:121,4
DA:122,4
DA:124,3
DA:126,3
DA:130,3
DA:132,3
DA:133,0
DA:136,3
DA:139,1
DA:142,6
DA:143,6
DA:145,6
DA:146,6
DA:148,6
DA:150,5
DA:152,5
DA:155,6
DA:159,5
DA:161,5
DA:163,5
DA:164,1
DA:167,4
DA:169,4
DA:172,1
DA:176,5
DA:177,6
DA:184,5
DA:186,5
DA:189,5
DA:190,5
DA:191,3
DA:192,3
DA:193,0
DA:195,3
DA:196,3
DA:197,2
DA:198,1
DA:199,1
DA:201,1
DA:204,4
DA:205,4
DA:208,3
DA:209,3
DA:212,3
DA:213,3
DA:214,3
DA:217,1
DA:223,3
DA:224,3
DA:225,3
DA:235,3
DA:237,3
LF:116
LH:114
BRDA:27,0,0,1
BRDA:42,1,0,1
BRDA:42,1,1,1
BRDA:46,2,0,1
BRDA:46,2,1,0
BRDA:68,3,0,1
BRDA:72,4,0,2
BRDA:72,4,1,2
BRDA:73,5,0,1
BRDA:73,5,1,1
BRDA:78,6,0,1
BRDA:78,6,1,0
BRDA:94,7,0,1
BRDA:103,8,0,6
BRDA:103,8,1,16
BRDA:103,9,0,22
BRDA:103,9,1,21
BRDA:105,10,0,3
BRDA:108,11,0,3
BRDA:109,12,0,22
BRDA:112,13,0,19
BRDA:112,13,1,3
BRDA:112,14,0,22
BRDA:112,14,1,3
BRDA:121,15,0,4
BRDA:121,15,1,0
BRDA:121,16,0,4
BRDA:121,16,1,4
BRDA:122,17,0,1
BRDA:124,18,0,3
BRDA:124,18,1,0
BRDA:124,19,0,3
BRDA:124,19,1,3
BRDA:132,20,0,0
BRDA:146,21,0,6
BRDA:146,21,1,0
BRDA:146,22,0,6
BRDA:146,22,1,6
BRDA:148,23,0,1
BRDA:154,24,0,5
BRDA:154,24,1,0
BRDA:154,25,0,5
BRDA:154,25,1,5
BRDA:155,26,0,6
BRDA:155,26,1,0
BRDA:155,27,0,6
BRDA:155,27,1,6
BRDA:163,28,0,1
BRDA:182,29,0,6
BRDA:182,29,1,0
BRDA:182,30,0,6
BRDA:182,30,1,6
BRDA:190,31,0,3
BRDA:190,31,1,2
BRDA:192,32,0,0
BRDA:197,33,0,1
BRDA:197,33,1,1
BRDA:231,34,0,0
BRDA:231,34,1,3
BRDA:231,35,0,3
BRDA:231,35,1,3
BRDA:235,36,0,0
BRDA:235,37,0,0
BRDA:235,37,1,3
BRDA:235,38,0,3
BRDA:235,38,1,3
BRF:66
BRH:53
end_of_record
TN:
SF:src\controllers\orders.controller.ts
FN:16,(anonymous_9)
FN:19,(anonymous_10)
FN:38,(anonymous_11)
FN:38,(anonymous_12)
FN:54,(anonymous_13)
FN:57,(anonymous_14)
FN:81,(anonymous_15)
FN:81,(anonymous_16)
FN:95,(anonymous_17)
FNF:9
FNH:9
FNDA:3,(anonymous_9)
FNDA:3,(anonymous_10)
FNDA:2,(anonymous_11)
FNDA:2,(anonymous_12)
FNDA:3,(anonymous_13)
FNDA:3,(anonymous_14)
FNDA:2,(anonymous_15)
FNDA:2,(anonymous_16)
FNDA:3,(anonymous_17)
DA:2,1
DA:3,1
DA:10,1
DA:12,1
DA:13,1
DA:16,1
DA:19,3
DA:20,3
DA:21,3
DA:23,3
DA:25,3
DA:33,3
DA:35,3
DA:38,2
DA:39,2
DA:40,2
DA:42,2
DA:49,2
DA:51,1
DA:54,1
DA:57,3
DA:58,3
DA:59,3
DA:61,3
DA:63,3
DA:64,3
DA:66,2
DA:70,2
DA:71,2
DA:72,2
DA:73,2
DA:74,2
DA:76,2
DA:78,2
DA:81,2
DA:82,2
DA:84,2
DA:86,2
DA:87,2
DA:89,1
DA:90,1
DA:92,1
DA:95,1
DA:96,3
DA:97,3
DA:99,3
DA:100,3
DA:101,3
DA:102,3
DA:103,0
DA:105,3
LF:51
LH:50
BRDA:28,0,0,3
BRDA:28,0,1,2
BRDA:28,1,0,2
BRDA:28,1,1,1
BRDA:28,2,0,3
BRDA:28,2,1,3
BRDA:28,3,0,3
BRDA:28,3,1,2
BRDA:33,4,0,0
BRDA:49,5,0,1
BRDA:64,6,0,1
BRDA:70,7,0,1
BRDA:71,8,0,1
BRDA:72,9,0,2
BRDA:73,10,0,0
BRDA:74,11,0,0
BRDA:87,12,0,1
BRDA:99,13,0,1
BRDA:100,14,0,1
BRDA:101,15,0,0
BRDA:102,16,0,0
BRDA:102,17,0,3
BRDA:102,17,1,0
BRF:23
BRH:17
end_of_record
TN:
SF:src\services\sequelize-service.ts
FN:19,(anonymous_8)
FN:26,(anonymous_9)
FN:32,(anonymous_11)
FN:42,(anonymous_12)
FN:51,(anonymous_14)
FN:90,(anonymous_16)
FN:102,(anonymous_18)
FN:110,(anonymous_20)
FNF:8
FNH:7
FNDA:1,(anonymous_8)
FNDA:13,(anonymous_9)
FNDA:0,(anonymous_11)
FNDA:1,(anonymous_12)
FNDA:1,(anonymous_14)
FNDA:1,(anonymous_16)
FNDA:1,(anonymous_18)
FNDA:1,(anonymous_20)
DA:1,1
DA:2,1
DA:4,1
DA:5,1
DA:6,1
DA:8,1
DA:13,1
DA:20,1
DA:21,1
DA:22,1
DA:23,1
DA:27,13
DA:28,1
DA:31,13
DA:32,5
DA:33,0
DA:34,0
DA:36,5
DA:39,13
DA:43,1
DA:44,0
DA:47,1
DA:48,1
DA:52,1
DA:54,1
DA:71,1
DA:72,0
DA:79,1
DA:86,1
DA:87,1
DA:91,1
DA:92,1
DA:93,1
DA:97,0
DA:98,0
DA:103,1
DA:104,1
DA:105,1
DA:106,1
DA:111,1
LF:40
LH:34
BRDA:22,0,0,0
BRDA:22,0,1,1
BRDA:22,1,0,1
BRDA:22,1,1,1
BRDA:23,2,0,1
BRDA:23,2,1,1
BRDA:27,3,0,1
BRDA:31,4,0,5
BRDA:32,5,0,4
BRDA:32,5,1,1
BRDA:32,6,0,5
BRDA:32,6,1,5
BRDA:43,7,0,0
BRDA:71,8,0,0
BRDA:103,9,0,1
BRF:15
BRH:12
end_of_record
TN:
SF:src\utils\geo-helper.ts
FN:3,(anonymous_1)
FNF:1
FNH:1
FNDA:4,(anonymous_1)
DA:1,1
DA:3,1
DA:4,4
DA:5,4
LF:4
LH:4
BRDA:4,0,0,3
BRDA:4,0,1,1
BRDA:4,1,0,4
BRDA:4,1,1,4
BRDA:5,2,0,2
BRDA:5,2,1,2
BRF:6
BRH:6
end_of_record
